Версия MSBuild 18.4.0+6e61e96ac для .NET Framework

cl : командная строка  warning D9002: пропуск неизвестного параметра "/NOMINMAX" [D:\Projects\Izom_Game_Project\build\BunkerProtocol.vcxproj]
  Tank.cpp
D:\Projects\Izom_Game_Project\Data\Physics\Tank.cpp(56,19): error C2220: следующее предупреждение рассматривается как ошибка [D:\Projects\Izom_Game_Project\build\BunkerProtocol.vcxproj]
D:\Projects\Izom_Game_Project\Data\Physics\Tank.cpp(56,19): warning C4189: balanceOffset: локальная переменная инициализирована, но не использована [D:\Projects\Izom_Game_Project\build\BunkerProtocol.vcxproj]
  Grid.cpp
D:\Projects\Izom_Game_Project\Data\Physics\Grid.cpp(47,32): error C2065: outTileCoords: необъявленный идентификатор [D:\Projects\Izom_Game_Project\build\BunkerProtocol.vcxproj]
D:\Projects\Izom_Game_Project\Data\Physics\Grid.cpp(47,45): error C2143: синтаксическая ошибка: отсутствие ";" перед ")" [D:\Projects\Izom_Game_Project\build\BunkerProtocol.vcxproj]
D:\Projects\Izom_Game_Project\Data\Physics\Grid.cpp(48,13): error C4430: отсутствует спецификатор типа - предполагается int. Примечание. C++ не поддерживает int по умолчанию [D:\Projects\Izom_Game_Project\build\BunkerProtocol.vcxproj]
D:\Projects\Izom_Game_Project\Data\Physics\Grid.cpp(49,13): error C2059: синтаксическая ошибка: { [D:\Projects\Izom_Game_Project\build\BunkerProtocol.vcxproj]
D:\Projects\Izom_Game_Project\Data\Physics\Grid.cpp(49,13): error C2143: синтаксическая ошибка: отсутствие ";" перед "{" [D:\Projects\Izom_Game_Project\build\BunkerProtocol.vcxproj]
D:\Projects\Izom_Game_Project\Data\Physics\Grid.cpp(50,17): error C2065: outTileCoords: необъявленный идентификатор [D:\Projects\Izom_Game_Project\build\BunkerProtocol.vcxproj]
D:\Projects\Izom_Game_Project\Data\Physics\Grid.cpp(52,41): error C2065: entityPos: необъявленный идентификатор [D:\Projects\Izom_Game_Project\build\BunkerProtocol.vcxproj]
D:\Projects\Izom_Game_Project\Data\Physics\Grid.cpp(52,55): error C2065: radius: необъявленный идентификатор [D:\Projects\Izom_Game_Project\build\BunkerProtocol.vcxproj]
D:\Projects\Izom_Game_Project\Data\Physics\Grid.cpp(53,41): error C2065: entityPos: необъявленный идентификатор [D:\Projects\Izom_Game_Project\build\BunkerProtocol.vcxproj]
D:\Projects\Izom_Game_Project\Data\Physics\Grid.cpp(53,55): error C2065: radius: необъявленный идентификатор [D:\Projects\Izom_Game_Project\build\BunkerProtocol.vcxproj]
D:\Projects\Izom_Game_Project\Data\Physics\Grid.cpp(54,41): error C2065: entityPos: необъявленный идентификатор [D:\Projects\Izom_Game_Project\build\BunkerProtocol.vcxproj]
D:\Projects\Izom_Game_Project\Data\Physics\Grid.cpp(54,55): error C2065: radius: необъявленный идентификатор [D:\Projects\Izom_Game_Project\build\BunkerProtocol.vcxproj]
D:\Projects\Izom_Game_Project\Data\Physics\Grid.cpp(55,41): error C2065: entityPos: необъявленный идентификатор [D:\Projects\Izom_Game_Project\build\BunkerProtocol.vcxproj]
D:\Projects\Izom_Game_Project\Data\Physics\Grid.cpp(55,55): error C2065: radius: необъявленный идентификатор [D:\Projects\Izom_Game_Project\build\BunkerProtocol.vcxproj]
D:\Projects\Izom_Game_Project\Data\Physics\Grid.cpp(67,25): error C2065: outTileCoords: необъявленный идентификатор [D:\Projects\Izom_Game_Project\build\BunkerProtocol.vcxproj]
D:\Projects\Izom_Game_Project\Data\Physics\Grid.cpp(74,33): error C2601: bunker::SpatialGridManager::WorldToGridX: недопустимые локальные определения функций [D:\Projects\Izom_Game_Project\build\BunkerProtocol.vcxproj]
      D:\Projects\Izom_Game_Project\Data\Physics\Grid.cpp(46,5):
      эта строка содержит скобку "{", которая пока не имеет парной
  
D:\Projects\Izom_Game_Project\Data\Physics\Grid.cpp(81,33): error C2601: bunker::SpatialGridManager::WorldToGridY: недопустимые локальные определения функций [D:\Projects\Izom_Game_Project\build\BunkerProtocol.vcxproj]
      D:\Projects\Izom_Game_Project\Data\Physics\Grid.cpp(46,5):
      эта строка содержит скобку "{", которая пока не имеет парной
  
  VehicleManager.cpp
D:\Projects\Izom_Game_Project\Data\Physics\Technik\SteamCar.hpp(56,18): error C3861: CheckWorldCollision: идентификатор не найден [D:\Projects\Izom_Game_Project\build\BunkerProtocol.vcxproj]
  (компиляция исходного файла "../Data/Physics/Technik/VehicleManager.cpp")
  
D:\Projects\Izom_Game_Project\Data\Physics\Technik\SteamCar.hpp(58,18): error C3861: CheckWorldCollision: идентификатор не найден [D:\Projects\Izom_Game_Project\build\BunkerProtocol.vcxproj]
  (компиляция исходного файла "../Data/Physics/Technik/VehicleManager.cpp")
  
D:\Projects\Izom_Game_Project\Data\Physics\Technik\Motorcycle.hpp(53,18): error C3861: CheckWorldCollision: идентификатор не найден [D:\Projects\Izom_Game_Project\build\BunkerProtocol.vcxproj]
  (компиляция исходного файла "../Data/Physics/Technik/VehicleManager.cpp")
  
D:\Projects\Izom_Game_Project\Data\Physics\Technik\Motorcycle.hpp(56,18): error C3861: CheckWorldCollision: идентификатор не найден [D:\Projects\Izom_Game_Project\build\BunkerProtocol.vcxproj]
  (компиляция исходного файла "../Data/Physics/Technik/VehicleManager.cpp")
  
  Создание кода...
